{"C:\\Users\\Odinp\\Desktop\\ConjuntoswithTest\\src\\conjuntos.js": {"path":"C:\\Users\\Odinp\\Desktop\\ConjuntoswithTest\\src\\conjuntos.js","statementMap":{"0":{"start":{"line":2,"column":15},"end":{"line":2,"column":55}},"1":{"start":{"line":5,"column":23},"end":{"line":5,"column":47}},"2":{"start":{"line":6,"column":24},"end":{"line":6,"column":49}},"3":{"start":{"line":8,"column":17},"end":{"line":8,"column":28}},"4":{"start":{"line":9,"column":17},"end":{"line":9,"column":66}},"5":{"start":{"line":10,"column":19},"end":{"line":10,"column":59}},"6":{"start":{"line":35,"column":0},"end":{"line":47,"column":2}},"7":{"start":{"line":36,"column":15},"end":{"line":44,"column":4}},"8":{"start":{"line":46,"column":2},"end":{"line":46,"column":14}},"9":{"start":{"line":67,"column":0},"end":{"line":73,"column":2}},"10":{"start":{"line":68,"column":27},"end":{"line":70,"column":3}},"11":{"start":{"line":69,"column":4},"end":{"line":69,"column":32}},"12":{"start":{"line":71,"column":21},"end":{"line":71,"column":46}},"13":{"start":{"line":72,"column":2},"end":{"line":72,"column":20}},"14":{"start":{"line":76,"column":0},"end":{"line":82,"column":2}},"15":{"start":{"line":77,"column":23},"end":{"line":79,"column":3}},"16":{"start":{"line":78,"column":17},"end":{"line":78,"column":46}},"17":{"start":{"line":80,"column":25},"end":{"line":80,"column":46}},"18":{"start":{"line":81,"column":2},"end":{"line":81,"column":24}},"19":{"start":{"line":86,"column":0},"end":{"line":115,"column":2}},"20":{"start":{"line":87,"column":2},"end":{"line":87,"column":47}},"21":{"start":{"line":88,"column":2},"end":{"line":88,"column":39}},"22":{"start":{"line":89,"column":2},"end":{"line":89,"column":46}},"23":{"start":{"line":90,"column":2},"end":{"line":90,"column":39}},"24":{"start":{"line":91,"column":2},"end":{"line":91,"column":26}},"25":{"start":{"line":92,"column":15},"end":{"line":92,"column":44}},"26":{"start":{"line":93,"column":2},"end":{"line":114,"column":3}},"27":{"start":{"line":96,"column":6},"end":{"line":98,"column":8}},"28":{"start":{"line":99,"column":6},"end":{"line":99,"column":12}},"29":{"start":{"line":102,"column":6},"end":{"line":102,"column":68}},"30":{"start":{"line":103,"column":6},"end":{"line":103,"column":12}},"31":{"start":{"line":106,"column":6},"end":{"line":106,"column":62}},"32":{"start":{"line":107,"column":6},"end":{"line":107,"column":12}},"33":{"start":{"line":109,"column":6},"end":{"line":109,"column":50}},"34":{"start":{"line":110,"column":6},"end":{"line":110,"column":12}},"35":{"start":{"line":112,"column":6},"end":{"line":112,"column":38}},"36":{"start":{"line":113,"column":6},"end":{"line":113,"column":12}},"37":{"start":{"line":116,"column":0},"end":{"line":116,"column":13}}},"fnMap":{"0":{"name":"(anonymous_0)","decl":{"start":{"line":35,"column":12},"end":{"line":35,"column":13}},"loc":{"start":{"line":35,"column":69},"end":{"line":47,"column":1}},"line":35},"1":{"name":"(anonymous_1)","decl":{"start":{"line":67,"column":18},"end":{"line":67,"column":19}},"loc":{"start":{"line":67,"column":55},"end":{"line":73,"column":1}},"line":67},"2":{"name":"(anonymous_2)","decl":{"start":{"line":68,"column":54},"end":{"line":68,"column":55}},"loc":{"start":{"line":69,"column":4},"end":{"line":69,"column":32}},"line":69},"3":{"name":"(anonymous_3)","decl":{"start":{"line":76,"column":12},"end":{"line":76,"column":13}},"loc":{"start":{"line":76,"column":49},"end":{"line":82,"column":1}},"line":76},"4":{"name":"(anonymous_4)","decl":{"start":{"line":78,"column":4},"end":{"line":78,"column":5}},"loc":{"start":{"line":78,"column":17},"end":{"line":78,"column":46}},"line":78},"5":{"name":"(anonymous_5)","decl":{"start":{"line":86,"column":13},"end":{"line":86,"column":14}},"loc":{"start":{"line":86,"column":19},"end":{"line":115,"column":1}},"line":86}},"branchMap":{"0":{"loc":{"start":{"line":93,"column":2},"end":{"line":114,"column":3}},"type":"switch","locations":[{"start":{"line":94,"column":4},"end":{"line":99,"column":12}},{"start":{"line":100,"column":4},"end":{"line":103,"column":12}},{"start":{"line":104,"column":4},"end":{"line":107,"column":12}},{"start":{"line":108,"column":4},"end":{"line":110,"column":12}},{"start":{"line":111,"column":4},"end":{"line":113,"column":12}}],"line":93}},"s":{"0":1,"1":1,"2":1,"3":1,"4":1,"5":1,"6":1,"7":0,"8":0,"9":1,"10":6,"11":28,"12":6,"13":6,"14":1,"15":5,"16":22,"17":5,"18":5,"19":1,"20":1,"21":1,"22":1,"23":1,"24":1,"25":1,"26":1,"27":0,"28":0,"29":1,"30":1,"31":0,"32":0,"33":0,"34":0,"35":0,"36":0,"37":1},"f":{"0":0,"1":6,"2":28,"3":5,"4":22,"5":1},"b":{"0":[0,1,0,0,0]},"_coverageSchema":"1a1c01bbd47fc00a2c39e90264f33305004495a9","hash":"119b0e66306db57fc580bbccf4cf82f9c91e4ce6"}
}
