TN:
SF:src\conjuntos.js
FN:35,(anonymous_0)
FN:67,(anonymous_1)
FN:68,(anonymous_2)
FN:76,(anonymous_3)
FN:78,(anonymous_4)
FN:86,(anonymous_5)
FNF:6
FNH:5
FNDA:0,(anonymous_0)
FNDA:6,(anonymous_1)
FNDA:28,(anonymous_2)
FNDA:5,(anonymous_3)
FNDA:22,(anonymous_4)
FNDA:1,(anonymous_5)
DA:2,1
DA:5,1
DA:6,1
DA:8,1
DA:9,1
DA:10,1
DA:35,1
DA:36,0
DA:46,0
DA:67,1
DA:68,6
DA:69,28
DA:71,6
DA:72,6
DA:76,1
DA:77,5
DA:78,22
DA:80,5
DA:81,5
DA:86,1
DA:87,1
DA:88,1
DA:89,1
DA:90,1
DA:91,1
DA:92,1
DA:93,1
DA:96,0
DA:99,0
DA:102,1
DA:103,1
DA:106,0
DA:107,0
DA:109,0
DA:110,0
DA:112,0
DA:113,0
DA:116,1
LF:38
LH:28
BRDA:93,0,0,0
BRDA:93,0,1,1
BRDA:93,0,2,0
BRDA:93,0,3,0
BRDA:93,0,4,0
BRF:5
BRH:1
end_of_record
